<?xml version="1.0" encoding="UTF-8"?>
<testng-results ignored="0" total="2" passed="2" failed="0" skipped="0">
  <reporter-output>
  </reporter-output>
  <suite started-at="2021-11-09T19:50:35 EST" name="Default suite" finished-at="2021-11-09T19:50:49 EST" duration-ms="14034">
    <groups>
    </groups>
    <test started-at="2021-11-09T19:50:35 EST" name="Default test" finished-at="2021-11-09T19:50:49 EST" duration-ms="14034">
      <class name="TestNGTutorial.Testcase2">
        <test-method signature="Demo1()[pri:0, instance:TestNGTutorial.Testcase2@33990a0c]" started-at="2021-11-09T19:50:35 EST" name="Demo1" finished-at="2021-11-09T19:50:35 EST" duration-ms="11" status="PASS">
          <reporter-output>
          </reporter-output>
        </test-method> <!-- Demo1 -->
        <test-method signature="Test1()[pri:0, instance:TestNGTutorial.Testcase2@33990a0c]" started-at="2021-11-09T19:50:35 EST" name="Test1" finished-at="2021-11-09T19:50:49 EST" duration-ms="13977" status="PASS">
          <reporter-output>
          </reporter-output>
        </test-method> <!-- Test1 -->
      </class> <!-- TestNGTutorial.Testcase2 -->
    </test> <!-- Default test -->
  </suite> <!-- Default suite -->
</testng-results>
